# JRE version: OpenJDK Runtime Environment GraalVM CE 22.3.2 (17.0.7+7) (build 17.0.7+7-jvmci-22.3-b18)
# Java VM: OpenJDK 64-Bit Server VM GraalVM CE 22.3.2 (17.0.7+7-jvmci-22.3-b18, mixed mode, sharing, tiered, jvmci, jvmci compiler, compressed oops, compressed class ptrs, g1 gc, bsd-amd64)
GC Precious Log:
 CPUs: 8 total, 8 available
 Memory: 16384M
 Large Page Support: Disabled
 NUMA Support: Disabled
 Compressed Oops: Enabled (Zero based)
 Heap Region Size: 2M
 Heap Min Capacity: 8M
 Heap Initial Capacity: 256M
 Heap Max Capacity: 4G
 Pre-touch: Disabled
 Parallel Workers: 8
 Concurrent Workers: 2
 Concurrent Refinement Workers: 8
 Periodic GC: Disabled
Heap:
 garbage-first heap   total 75776K, used 21243K [0x0000000700000000, 0x0000000800000000)
  region size 2048K, 9 young (18432K), 6 survivors (12288K)
 Metaspace       used 21992K, committed 22208K, reserved 1114112K
  class space    used 2468K, committed 2560K, reserved 1048576K
GC Heap History (6 events):
Event: 0.885 GC heap before
{Heap before GC invocations=0 (full 0):
 garbage-first heap   total 266240K, used 22332K [0x0000000700000000, 0x0000000800000000)
  region size 2048K, 11 young (22528K), 0 survivors (0K)
 Metaspace       used 6031K, committed 6208K, reserved 1114112K
  class space    used 680K, committed 768K, reserved 1048576K
}
Event: 0.889 GC heap after
{Heap after GC invocations=1 (full 0):
 garbage-first heap   total 266240K, used 5350K [0x0000000700000000, 0x0000000800000000)
  region size 2048K, 2 young (4096K), 2 survivors (4096K)
 Metaspace       used 6031K, committed 6208K, reserved 1114112K
  class space    used 680K, committed 768K, reserved 1048576K
}
Event: 1.639 GC heap before
{Heap before GC invocations=1 (full 0):
 garbage-first heap   total 266240K, used 44262K [0x0000000700000000, 0x0000000800000000)
  region size 2048K, 21 young (43008K), 2 survivors (4096K)
 Metaspace       used 11762K, committed 11968K, reserved 1114112K
  class space    used 1382K, committed 1472K, reserved 1048576K
}
Event: 1.645 GC heap after
{Heap after GC invocations=2 (full 0):
 garbage-first heap   total 266240K, used 7382K [0x0000000700000000, 0x0000000800000000)
  region size 2048K, 2 young (4096K), 2 survivors (4096K)
 Metaspace       used 11762K, committed 11968K, reserved 1114112K
  class space    used 1382K, committed 1472K, reserved 1048576K
}
Event: 3.914 GC heap before
{Heap before GC invocations=2 (full 0):
 garbage-first heap   total 266240K, used 146646K [0x0000000700000000, 0x0000000800000000)
  region size 2048K, 71 young (145408K), 2 survivors (4096K)
 Metaspace       used 21282K, committed 21504K, reserved 1114112K
  class space    used 2398K, committed 2496K, reserved 1048576K
}
Event: 3.925 GC heap after
{Heap after GC invocations=3 (full 0):
 garbage-first heap   total 266240K, used 17147K [0x0000000700000000, 0x0000000800000000)
  region size 2048K, 6 young (12288K), 6 survivors (12288K)
 Metaspace       used 21282K, committed 21504K, reserved 1114112K
  class space    used 2398K, committed 2496K, reserved 1048576K
}

